{"name": "test_login_with_valid_credential[s55s@gmail.com-1234]", "status": "broken", "statusDetails": {"message": "selenium.common.exceptions.NoSuchElementException: Message: no such element: Unable to locate element: {\"method\":\"xpath\",\"selector\":\"//ul[@class='list-unstyled']//li//a[text()='Edit your account information']\"}\n  (Session info: chrome=131.0.6778.86); For documentation on this error, please visit: https://www.selenium.dev/documentation/webdriver/troubleshooting/errors#no-such-element-exception\nStacktrace:\n\tGetHandleVerifier [0x00007FF7C61F6CB5+28821]\n\t(No symbol) [0x00007FF7C6163840]\n\t(No symbol) [0x00007FF7C600578A]\n\t(No symbol) [0x00007FF7C60591BE]\n\t(No symbol) [0x00007FF7C60594AC]\n\t(No symbol) [0x00007FF7C60A2647]\n\t(No symbol) [0x00007FF7C607F33F]\n\t(No symbol) [0x00007FF7C609F412]\n\t(No symbol) [0x00007FF7C607F0A3]\n\t(No symbol) [0x00007FF7C604A778]\n\t(No symbol) [0x00007FF7C604B8E1]\n\tGetHandleVerifier [0x00007FF7C652FCAD+3408013]\n\tGetHandleVerifier [0x00007FF7C654741F+3504127]\n\tGetHandleVerifier [0x00007FF7C653B5FD+3455453]\n\tGetHandleVerifier [0x00007FF7C62BBDBB+835995]\n\t(No symbol) [0x00007FF7C616EB5F]\n\t(No symbol) [0x00007FF7C616A814]\n\t(No symbol) [0x00007FF7C616A9AD]\n\t(No symbol) [0x00007FF7C615A199]\n\tBaseThreadInitThunk [0x00007FFE68A37374+20]\n\tRtlUserThreadStart [0x00007FFE68C3CC91+33]", "trace": "self = <test.test_login.TestLogin object at 0x000001CBE77DE190>, email_address = 's55s@gmail.com', password = 1234\n\n    @pytest.mark.parametrize(\"email_address,password\",ExcelUtils.get_data_from_excel())\n    def test_login_with_valid_credential(self,email_address,password):\n        home_page=HomePage(self.driver)\n        time.sleep(2)\n        home_page.click_on_my_account_drop_menu()\n        time.sleep(3)\n        login_page=home_page.select_login_option()\n        login_page.enter_email_address(email_address)\n        login_page.enter_password(password)\n        account_page=login_page.click_on_login_button()\n>       account_page.display_status_of_edit_your_account_information_option()\n\ntest\\test_login.py:27: \n_ _ _ _ _ _ _ _ _ _ _ _ _ _ _ _ _ _ _ _ _ _ _ _ _ _ _ _ _ _ _ _ _ _ _ _ _ _ _ _ _ _ _ _ _ _ _ _ _ _ _ _ _ _ _ _ _ _ _ _ _ _ _ _ _ _ _ _ _ _ _ _ _ _ _ _ _ _ _\npages\\AccountPage.py:15: in display_status_of_edit_your_account_information_option\n    return self.is_displaying(\"__edit_your_account_information_option_XPATH\",self.__edit_your_account_information_option_XPATH)\npages\\BasePage.py:48: in is_displaying\n    element = self.locators(locatorname, locator)\npages\\BasePage.py:24: in locators\n    element = self.driver.find_element(By.XPATH, locator)\n.venv\\Lib\\site-packages\\selenium\\webdriver\\remote\\webdriver.py:766: in find_element\n    return self.execute(Command.FIND_ELEMENT, {\"using\": by, \"value\": value})[\"value\"]\n.venv\\Lib\\site-packages\\selenium\\webdriver\\remote\\webdriver.py:380: in execute\n    self.error_handler.check_response(response)\n_ _ _ _ _ _ _ _ _ _ _ _ _ _ _ _ _ _ _ _ _ _ _ _ _ _ _ _ _ _ _ _ _ _ _ _ _ _ _ _ _ _ _ _ _ _ _ _ _ _ _ _ _ _ _ _ _ _ _ _ _ _ _ _ _ _ _ _ _ _ _ _ _ _ _ _ _ _ _\n\nself = <selenium.webdriver.remote.errorhandler.ErrorHandler object at 0x000001CBE78C7750>\nresponse = {'status': 404, 'value': '{\"value\":{\"error\":\"no such element\",\"message\":\"no such element: Unable to locate element: {\\...07FF7C615A199]\\\\n\\\\tBaseThreadInitThunk [0x00007FFE68A37374+20]\\\\n\\\\tRtlUserThreadStart [0x00007FFE68C3CC91+33]\\\\n\"}}'}\n\n    def check_response(self, response: Dict[str, Any]) -> None:\n        \"\"\"Checks that a JSON response from the WebDriver does not have an\n        error.\n    \n        :Args:\n         - response - The JSON response from the WebDriver server as a dictionary\n           object.\n    \n        :Raises: If the response contains an error message.\n        \"\"\"\n        status = response.get(\"status\", None)\n        if not status or status == ErrorCode.SUCCESS:\n            return\n        value = None\n        message = response.get(\"message\", \"\")\n        screen: str = response.get(\"screen\", \"\")\n        stacktrace = None\n        if isinstance(status, int):\n            value_json = response.get(\"value\", None)\n            if value_json and isinstance(value_json, str):\n                import json\n    \n                try:\n                    value = json.loads(value_json)\n                    if len(value) == 1:\n                        value = value[\"value\"]\n                    status = value.get(\"error\", None)\n                    if not status:\n                        status = value.get(\"status\", ErrorCode.UNKNOWN_ERROR)\n                        message = value.get(\"value\") or value.get(\"message\")\n                        if not isinstance(message, str):\n                            value = message\n                            message = message.get(\"message\")\n                    else:\n                        message = value.get(\"message\", None)\n                except ValueError:\n                    pass\n    \n        exception_class: Type[WebDriverException]\n        e = ErrorCode()\n        error_codes = [item for item in dir(e) if not item.startswith(\"__\")]\n        for error_code in error_codes:\n            error_info = getattr(ErrorCode, error_code)\n            if isinstance(error_info, list) and status in error_info:\n                exception_class = getattr(ExceptionMapping, error_code, WebDriverException)\n                break\n        else:\n            exception_class = WebDriverException\n    \n        if not value:\n            value = response[\"value\"]\n        if isinstance(value, str):\n            raise exception_class(value)\n        if message == \"\" and \"message\" in value:\n            message = value[\"message\"]\n    \n        screen = None  # type: ignore[assignment]\n        if \"screen\" in value:\n            screen = value[\"screen\"]\n    \n        stacktrace = None\n        st_value = value.get(\"stackTrace\") or value.get(\"stacktrace\")\n        if st_value:\n            if isinstance(st_value, str):\n                stacktrace = st_value.split(\"\\n\")\n            else:\n                stacktrace = []\n                try:\n                    for frame in st_value:\n                        line = frame.get(\"lineNumber\", \"\")\n                        file = frame.get(\"fileName\", \"<anonymous>\")\n                        if line:\n                            file = f\"{file}:{line}\"\n                        meth = frame.get(\"methodName\", \"<anonymous>\")\n                        if \"className\" in frame:\n                            meth = f\"{frame['className']}.{meth}\"\n                        msg = \"    at %s (%s)\"\n                        msg = msg % (meth, file)\n                        stacktrace.append(msg)\n                except TypeError:\n                    pass\n        if exception_class == UnexpectedAlertPresentException:\n            alert_text = None\n            if \"data\" in value:\n                alert_text = value[\"data\"].get(\"text\")\n            elif \"alert\" in value:\n                alert_text = value[\"alert\"].get(\"text\")\n            raise exception_class(message, screen, stacktrace, alert_text)  # type: ignore[call-arg]  # mypy is not smart enough here\n>       raise exception_class(message, screen, stacktrace)\nE       selenium.common.exceptions.NoSuchElementException: Message: no such element: Unable to locate element: {\"method\":\"xpath\",\"selector\":\"//ul[@class='list-unstyled']//li//a[text()='Edit your account information']\"}\nE         (Session info: chrome=131.0.6778.86); For documentation on this error, please visit: https://www.selenium.dev/documentation/webdriver/troubleshooting/errors#no-such-element-exception\nE       Stacktrace:\nE       \tGetHandleVerifier [0x00007FF7C61F6CB5+28821]\nE       \t(No symbol) [0x00007FF7C6163840]\nE       \t(No symbol) [0x00007FF7C600578A]\nE       \t(No symbol) [0x00007FF7C60591BE]\nE       \t(No symbol) [0x00007FF7C60594AC]\nE       \t(No symbol) [0x00007FF7C60A2647]\nE       \t(No symbol) [0x00007FF7C607F33F]\nE       \t(No symbol) [0x00007FF7C609F412]\nE       \t(No symbol) [0x00007FF7C607F0A3]\nE       \t(No symbol) [0x00007FF7C604A778]\nE       \t(No symbol) [0x00007FF7C604B8E1]\nE       \tGetHandleVerifier [0x00007FF7C652FCAD+3408013]\nE       \tGetHandleVerifier [0x00007FF7C654741F+3504127]\nE       \tGetHandleVerifier [0x00007FF7C653B5FD+3455453]\nE       \tGetHandleVerifier [0x00007FF7C62BBDBB+835995]\nE       \t(No symbol) [0x00007FF7C616EB5F]\nE       \t(No symbol) [0x00007FF7C616A814]\nE       \t(No symbol) [0x00007FF7C616A9AD]\nE       \t(No symbol) [0x00007FF7C615A199]\nE       \tBaseThreadInitThunk [0x00007FFE68A37374+20]\nE       \tRtlUserThreadStart [0x00007FFE68C3CC91+33]\n\n.venv\\Lib\\site-packages\\selenium\\webdriver\\remote\\errorhandler.py:229: NoSuchElementException"}, "attachments": [{"name": "stdout", "source": "90b351ed-dcda-4bc1-819e-9808ac2c004f-attachment.txt", "type": "text/plain"}], "parameters": [{"name": "email_address", "value": "'s55s@gmail.com'"}, {"name": "password", "value": "1234"}], "start": 1733160287439, "stop": 1733160294242, "uuid": "ce667e35-f422-494f-a77c-7533ee8e2673", "historyId": "6ee915f404b0a93ac0cac0c4574198d2", "testCaseId": "576582681bc23d130be21c58ac2410a2", "fullName": "test.test_login.TestLogin#test_login_with_valid_credential", "labels": [{"name": "tag", "value": "@pytest.mark.usefixtures('setup_and_teardown', 'log_on_failure')"}, {"name": "parentSuite", "value": "test"}, {"name": "suite", "value": "test_login"}, {"name": "subSuite", "value": "TestLogin"}, {"name": "host", "value": "Agni"}, {"name": "thread", "value": "7036-MainThread"}, {"name": "framework", "value": "pytest"}, {"name": "language", "value": "cpython3"}, {"name": "package", "value": "test.test_login"}]}